22:34:46.460 - Request received to /redact, request body: A dog, a monkey or a dolphin are all mammals. A snake, however, is not a mammal, it is a reptile. Who can say what a DogSnake is?
22:34:49.247 - Request received to /redact, request body: A dog, a monkey or a dolphin are all mammals. A snake, however, is not a mammal, it is a reptile. Who can say what a DogSnake is?
22:49:00.342 - 
22:49:00.710 -  
22:49:00.712 -   
22:49:00.715 - 

22:49:44.210 - 
22:49:44.248 -  
22:49:44.252 -   
22:49:44.256 - 

22:50:13.810 - 
22:50:26.441 -  
22:51:00.874 -   
22:51:00.879 - 

22:51:04.575 - 
22:51:04.602 -  
22:51:04.605 -   
22:51:04.609 - 

22:52:00.719 - null
22:52:00.756 - 
22:52:00.759 -  
22:52:00.760 -   
22:52:00.763 - 

22:53:07.590 - test
22:53:07.607 - test123
22:53:07.609 - dog123
22:53:07.613 - dog
22:53:07.615 - cat
22:53:07.619 - sNaKe
22:53:07.622 - dolphin
22:53:07.624 - mammal
22:53:07.625 - snakeMammal
22:53:07.627 - dog cat dogcat
22:53:07.629 - corn-snake
22:53:07.630 - dog@mammal.cat
22:53:07.634 - DoG
